<?xml version="1.0" encoding="UTF-8"?>
<!-- Generated by org.testng.reporters.JUnitReportReporter -->
<testsuite hostname="DESKTOP-63KU59I" failures="0" tests="1" name="Pages.Registeration.RegistrationTest" time="14.390" errors="0" timestamp="2025-09-07T16:50:40 EEST" skipped="0">
  <testcase classname="Pages.Registeration.RegistrationTest" name="RegisterWithUser" time="14.390"/>
</testsuite> <!-- Pages.Registeration.RegistrationTest -->
