<?xml version="1.0" encoding="UTF-8"?>
<!-- Generated by org.testng.reporters.JUnitReportReporter -->
<testsuite hostname="DESKTOP-63KU59I" failures="0" tests="1" name="Pages.Login.LoginTest" time="10.842" errors="0" timestamp="2025-09-07T16:50:40 EEST" skipped="0">
  <testcase classname="Pages.Login.LoginTest" name="Login" time="10.842"/>
</testsuite> <!-- Pages.Login.LoginTest -->
