<?xml version="1.0" encoding="UTF-8"?>
<!-- Generated by org.testng.reporters.JUnitReportReporter -->
<testsuite hostname="DESKTOP-63KU59I" failures="0" tests="1" name="Pages.PurchaseProcess.PurchaseProcessTest" time="68.007" errors="0" timestamp="2025-09-07T16:50:40 EEST" skipped="0">
  <testcase classname="Pages.PurchaseProcess.PurchaseProcessTest" name="purchaseProcessTest" time="68.007"/>
</testsuite> <!-- Pages.PurchaseProcess.PurchaseProcessTest -->
